<?xml version="1.0" encoding="UTF-8"?>
<!-- Generated by org.testng.reporters.JUnitReportReporter -->
<testsuite hostname="WIN7--20160505Q" name="BaseMethod.EditAttribute" tests="1" failures="0" timestamp="31 Aug 2016 01:36:03 GMT" time="6.205" errors="0">
  <testcase name="Edit" time="6.205" classname="BaseMethod.EditAttribute"/>
</testsuite> <!-- BaseMethod.EditAttribute -->
