<?xml version="1.0" encoding="UTF-8"?>
<!-- Generated by org.testng.reporters.JUnitReportReporter -->
<testsuite hostname="WIN7--20160505Q" name="TestCases.BiyoApp" tests="1" failures="0" timestamp="23 Sep 2016 06:13:12 GMT" time="38.154" errors="0">
  <testcase name="order" time="38.154" classname="TestCases.BiyoApp"/>
</testsuite> <!-- TestCases.BiyoApp -->
