<?xml version="1.0" encoding="UTF-8"?>
<!-- Generated by org.testng.reporters.JUnitReportReporter -->
<testsuite hostname="WIN7--20160505Q" name="TestCases.EditAttribute" tests="1" failures="0" timestamp="22 Sep 2016 07:08:47 GMT" time="10.213" errors="0">
  <testcase name="Edit" time="10.213" classname="TestCases.EditAttribute"/>
</testsuite> <!-- TestCases.EditAttribute -->
