<?xml version="1.0" encoding="UTF-8"?>
<!-- Generated by org.testng.reporters.JUnitReportReporter -->
<testsuite hostname="WIN7--20160505Q" name="TestCases.ManualChangeInventory" tests="1" failures="0" timestamp="22 Sep 2016 10:25:58 GMT" time="18.906" errors="0">
  <testcase name="ManualChange" time="18.906" classname="TestCases.ManualChangeInventory"/>
</testsuite> <!-- TestCases.ManualChangeInventory -->
