<?xml version="1.0" encoding="UTF-8"?>
<!-- Generated by org.testng.reporters.JUnitReportReporter -->
<testsuite hostname="WIN7--20160505Q" name="TestCases.MethodTest" tests="1" failures="0" timestamp="7 Jun 2016 09:13:29 GMT" time="0.339" errors="0">
  <testcase name="ServerCommand" time="0.339" classname="TestCases.MethodTest"/>
</testsuite> <!-- TestCases.MethodTest -->
