<?xml version="1.0" encoding="UTF-8"?>
<!-- Generated by org.testng.reporters.JUnitReportReporter -->
<testsuite hostname="WIN7--20160505Q" name="TestCases.QQmail" tests="1" failures="0" timestamp="30 Aug 2016 02:53:06 GMT" time="33.536" errors="0">
  <testcase name="QQmailTest" time="33.536" classname="TestCases.QQmail"/>
</testsuite> <!-- TestCases.QQmail -->
