<?xml version="1.0" encoding="UTF-8"?>
<!-- Generated by org.testng.reporters.JUnitReportReporter -->
<testsuite hostname="WIN7--20160505Q" name="TestCases.AddCategory" tests="1" failures="0" timestamp="21 Sep 2016 09:46:13 GMT" time="16.500" errors="0">
  <testcase name="Add" time="16.500" classname="TestCases.AddCategory"/>
</testsuite> <!-- TestCases.AddCategory -->
