<?xml version="1.0" encoding="UTF-8"?>
<!-- Generated by org.testng.reporters.JUnitReportReporter -->
<testsuite hostname="WIN7--20160505Q" name="TestCases.Filetest" tests="1" failures="0" timestamp="30 May 2016 06:45:09 GMT" time="0.010" errors="0">
  <testcase name="filetest" time="0.010" classname="TestCases.Filetest"/>
</testsuite> <!-- TestCases.Filetest -->
